Aug 13 09:10 : exception: Failed to open '/home/kanishk/.mpd/mpdstate': No such file or directory
Aug 13 09:10 : update: added Pink Floyd  [1967-2014]/1969 - More/06 - Cymbaline.mp3
Aug 13 09:10 : update: added Pink Floyd  [1967-2014]/1969 - More/07 - Party Sequence.mp3
Aug 13 09:10 : update: added Pink Floyd  [1967-2014]/1969 - More/03 - Crying Song.mp3
Aug 13 09:10 : update: added Pink Floyd  [1967-2014]/1969 - More/04 - Up the Khyber.mp3
Aug 13 09:10 : update: added Pink Floyd  [1967-2014]/1969 - More/05 - Green Is The Colour.mp3
Aug 13 09:10 : update: added Pink Floyd  [1967-2014]/1969 - More/11 - Quicksilver.mp3
Aug 13 09:10 : update: added Pink Floyd  [1967-2014]/1969 - More/09 - Ibiza Bar.mp3
Aug 13 09:10 : update: added Pink Floyd  [1967-2014]/1969 - More/10 - More Blues.mp3
Aug 13 09:10 : update: added Pink Floyd  [1967-2014]/1969 - More/01 - Cirrus Minor.mp3
Aug 13 09:10 : update: added Pink Floyd  [1967-2014]/1969 - More/12 - A Spanish Piece.mp3
Aug 13 09:10 : update: added Pink Floyd  [1967-2014]/1969 - More/13 - Dramatic Theme.mp3
Aug 13 09:10 : update: added Pink Floyd  [1967-2014]/1969 - More/02 - The Nile Song.mp3
Aug 13 09:10 : update: added Pink Floyd  [1967-2014]/1969 - More/08 - Main Theme.mp3
Aug 13 09:10 : update: added Pink Floyd  [1967-2014]/1987 - A Momentary Lapse Of Reason/04 - One Slip.mp3
Aug 13 09:10 : update: added Pink Floyd  [1967-2014]/1987 - A Momentary Lapse Of Reason/05 - On The Turning Away.mp3
Aug 13 09:10 : update: added Pink Floyd  [1967-2014]/1987 - A Momentary Lapse Of Reason/02 - Learning To Fly.mp3
Aug 13 09:10 : update: added Pink Floyd  [1967-2014]/1987 - A Momentary Lapse Of Reason/03 - The Dogs Of War.mp3
Aug 13 09:10 : update: added Pink Floyd  [1967-2014]/1987 - A Momentary Lapse Of Reason/01 - Signs Of Life.mp3
Aug 13 09:10 : update: added Pink Floyd  [1967-2014]/1987 - A Momentary Lapse Of Reason/10 - Sorrow.mp3
Aug 13 09:10 : update: added Pink Floyd  [1967-2014]/1987 - A Momentary Lapse Of Reason/08 - Terminal Frost.mp3
Aug 13 09:10 : update: added Pink Floyd  [1967-2014]/1987 - A Momentary Lapse Of Reason/06 - Yet Another Movie.mp3
Aug 13 09:10 : update: added Pink Floyd  [1967-2014]/1987 - A Momentary Lapse Of Reason/09 - A New Machine Part 2.mp3
Aug 13 09:10 : update: added Pink Floyd  [1967-2014]/1987 - A Momentary Lapse Of Reason/07 - A New Machine Part 1.mp3
Aug 13 09:10 : update: added Pink Floyd  [1967-2014]/1995 - Pulse/1 - 06 - Coming Back To Life.mp3
Aug 13 09:10 : update: added Pink Floyd  [1967-2014]/1995 - Pulse/2 - 12 - Comfortably Numb.mp3
Aug 13 09:10 : update: added Pink Floyd  [1967-2014]/1995 - Pulse/1 - 05 - Keep Talking.mp3
Aug 13 09:10 : update: added Pink Floyd  [1967-2014]/1995 - Pulse/2 - 05 - The Great Gig In The Sky.mp3
Aug 13 09:10 : update: added Pink Floyd  [1967-2014]/1995 - Pulse/2 - 06 - Money.mp3
Aug 13 09:10 : update: added Pink Floyd  [1967-2014]/1995 - Pulse/1 - 03 - What Do You Want From Me.mp3
Aug 13 09:10 : update: added Pink Floyd  [1967-2014]/1995 - Pulse/1 - 04 - Learning To Fly.mp3
Aug 13 09:10 : update: added Pink Floyd  [1967-2014]/1995 - Pulse/2 - 13 - Run Like Hell.mp3
Aug 13 09:10 : update: added Pink Floyd  [1967-2014]/1995 - Pulse/1 - 09 - Sorrow.mp3
Aug 13 09:10 : update: added Pink Floyd  [1967-2014]/1995 - Pulse/2 - 02 - Breathe.mp3
Aug 13 09:10 : update: added Pink Floyd  [1967-2014]/1995 - Pulse/2 - 03 - On The Run.mp3
Aug 13 09:10 : update: added Pink Floyd  [1967-2014]/1995 - Pulse/1 - 10 - High Hopes.mp3
Aug 13 09:10 : update: added Pink Floyd  [1967-2014]/1995 - Pulse/1 - 11 - Another Brick In The Wall (Part Two).mp3
Aug 13 09:10 : update: added Pink Floyd  [1967-2014]/1995 - Pulse/2 - 01 - Speak To Me.mp3
Aug 13 09:10 : update: added Pink Floyd  [1967-2014]/1995 - Pulse/1 - 01 - Shine On You Crazy Diamond.mp3
Aug 13 09:10 : update: added Pink Floyd  [1967-2014]/1995 - Pulse/2 - 09 - Brain Damage.mp3
Aug 13 09:10 : update: added Pink Floyd  [1967-2014]/1995 - Pulse/2 - 10 - Eclipse.mp3
Aug 13 09:10 : update: added Pink Floyd  [1967-2014]/1995 - Pulse/2 - 04 - Time.mp3
Aug 13 09:10 : update: added Pink Floyd  [1967-2014]/1995 - Pulse/2 - 07 - Us And Them.mp3
Aug 13 09:10 : update: added Pink Floyd  [1967-2014]/1995 - Pulse/2 - 08 - Any Colour You Like.mp3
Aug 13 09:10 : update: added Pink Floyd  [1967-2014]/1995 - Pulse/1 - 08 - A Great Day For Freedom.mp3
Aug 13 09:10 : update: added Pink Floyd  [1967-2014]/1995 - Pulse/2 - 11 - Wish You Were Here.mp3
Aug 13 09:10 : update: added Pink Floyd  [1967-2014]/1995 - Pulse/1 - 02 - Astronomy Domine.mp3
Aug 13 09:10 : update: added Pink Floyd  [1967-2014]/1995 - Pulse/1 - 07 - Hey You.mp3
Aug 13 09:10 : update: added Pink Floyd  [1967-2014]/2014 - The Endless River (Deluxe Edition)/18 - Louder Than Words.mp3
Aug 13 09:10 : update: added Pink Floyd  [1967-2014]/2014 - The Endless River (Deluxe Edition)/09 - On Noodle Street.mp3
Aug 13 09:10 : update: added Pink Floyd  [1967-2014]/2014 - The Endless River (Deluxe Edition)/20 - Tbs14 (1993).mp3
Aug 13 09:10 : update: added Pink Floyd  [1967-2014]/2014 - The Endless River (Deluxe Edition)/10 - Night Light.mp3
Aug 13 09:10 : update: added Pink Floyd  [1967-2014]/2014 - The Endless River (Deluxe Edition)/21 - Nervana (1993).mp3
Aug 13 09:10 : update: added Pink Floyd  [1967-2014]/2014 - The Endless River (Deluxe Edition)/02 - It's What We Do.mp3
Aug 13 09:10 : update: added Pink Floyd  [1967-2014]/2014 - The Endless River (Deluxe Edition)/03 - Ebb And Flow.mp3
Aug 13 09:10 : update: added Pink Floyd  [1967-2014]/2014 - The Endless River (Deluxe Edition)/04 - Sum.mp3
Aug 13 09:10 : update: added Pink Floyd  [1967-2014]/2014 - The Endless River (Deluxe Edition)/07 - Anisina.mp3
Aug 13 09:10 : update: added Pink Floyd  [1967-2014]/2014 - The Endless River (Deluxe Edition)/08 - The Lost Art Of Conversation.mp3
Aug 13 09:10 : update: added Pink Floyd  [1967-2014]/2014 - The Endless River (Deluxe Edition)/17 - Surfacing.mp3
Aug 13 09:10 : update: added Pink Floyd  [1967-2014]/2014 - The Endless River (Deluxe Edition)/15 - Calling.mp3
Aug 13 09:10 : update: added Pink Floyd  [1967-2014]/2014 - The Endless River (Deluxe Edition)/16 - Eyes To Pearls.mp3
Aug 13 09:10 : update: added Pink Floyd  [1967-2014]/2014 - The Endless River (Deluxe Edition)/14 - Talkin' Hawkin'.mp3
Aug 13 09:10 : update: added Pink Floyd  [1967-2014]/2014 - The Endless River (Deluxe Edition)/01 - Things Left Unsaid.mp3
Aug 13 09:10 : update: added Pink Floyd  [1967-2014]/2014 - The Endless River (Deluxe Edition)/19 - Tbs9 (1993).mp3
Aug 13 09:10 : update: added Pink Floyd  [1967-2014]/2014 - The Endless River (Deluxe Edition)/11 - Allons-Y (1).mp3
Aug 13 09:10 : update: added Pink Floyd  [1967-2014]/2014 - The Endless River (Deluxe Edition)/12 - Autumn '68.mp3
Aug 13 09:10 : update: added Pink Floyd  [1967-2014]/2014 - The Endless River (Deluxe Edition)/05 - Skins.mp3
Aug 13 09:10 : update: added Pink Floyd  [1967-2014]/2014 - The Endless River (Deluxe Edition)/06 - Unsung.mp3
Aug 13 09:10 : update: added Pink Floyd  [1967-2014]/2014 - The Endless River (Deluxe Edition)/13 - Allons-Y (2).mp3
Aug 13 09:10 : update: added Pink Floyd  [1967-2014]/1968 - A Saucerful Of Secrets/01 - Let There Be More Light.mp3
Aug 13 09:10 : update: added Pink Floyd  [1967-2014]/1968 - A Saucerful Of Secrets/02 - Remember a Day.mp3
Aug 13 09:10 : update: added Pink Floyd  [1967-2014]/1968 - A Saucerful Of Secrets/06 - See Saw.mp3
Aug 13 09:10 : update: added Pink Floyd  [1967-2014]/1968 - A Saucerful Of Secrets/07 - Jugband Blues.mp3
Aug 13 09:10 : update: added Pink Floyd  [1967-2014]/1968 - A Saucerful Of Secrets/08 - Something Else.mp3
Aug 13 09:10 : update: added Pink Floyd  [1967-2014]/1968 - A Saucerful Of Secrets/03 - Set the Controls for the Heart of the Sun.mp3
Aug 13 09:10 : update: added Pink Floyd  [1967-2014]/1968 - A Saucerful Of Secrets/05 - A Saucerful of Secrets.mp3
Aug 13 09:10 : update: added Pink Floyd  [1967-2014]/1968 - A Saucerful Of Secrets/04 - Corporal Clegg.mp3
Aug 13 09:10 : update: added Pink Floyd  [1967-2014]/1968 - A Saucerful Of Secrets/09 - Syncopated Pandemonium.mp3
Aug 13 09:10 : update: added Pink Floyd  [1967-2014]/1968 - A Saucerful Of Secrets/10 - Storm Signal.mp3
Aug 13 09:10 : update: added Pink Floyd  [1967-2014]/1968 - A Saucerful Of Secrets/11 - Celestial Voices.mp3
Aug 13 09:10 : update: added Pink Floyd  [1967-2014]/1969 - Ummagumma/Studio Album/05 - Grantchester Meadows.mp3
Aug 13 09:10 : update: added Pink Floyd  [1967-2014]/1969 - Ummagumma/Studio Album/02 - Sysyphus, Part Two.mp3
Aug 13 09:10 : update: added Pink Floyd  [1967-2014]/1969 - Ummagumma/Studio Album/03 - Sysyphus, Part Three.mp3
Aug 13 09:10 : update: added Pink Floyd  [1967-2014]/1969 - Ummagumma/Studio Album/01 - Sysyphus, Part One.mp3
Aug 13 09:10 : update: added Pink Floyd  [1967-2014]/1969 - Ummagumma/Studio Album/06 - Several Species of Small Furry Animals Gathered Together in a Cave and Grooving with a Pict.mp3
Aug 13 09:10 : update: added Pink Floyd  [1967-2014]/1969 - Ummagumma/Studio Album/07 - The Narrow Way, Part I.mp3
Aug 13 09:10 : update: added Pink Floyd  [1967-2014]/1969 - Ummagumma/Studio Album/11 - The Grand Vizier's Garden Party - Entertainment).mp3
Aug 13 09:10 : update: added Pink Floyd  [1967-2014]/1969 - Ummagumma/Studio Album/04 - Sysyphus, Part Four.mp3
Aug 13 09:10 : update: added Pink Floyd  [1967-2014]/1969 - Ummagumma/Studio Album/09 - The Narrow Way, Part III.mp3
Aug 13 09:10 : update: added Pink Floyd  [1967-2014]/1969 - Ummagumma/Studio Album/12 - The Grand Vizier's Garden Party - Exit.mp3
Aug 13 09:10 : update: added Pink Floyd  [1967-2014]/1969 - Ummagumma/Studio Album/08 - The Narrow Way, Part II.mp3
Aug 13 09:10 : update: added Pink Floyd  [1967-2014]/1969 - Ummagumma/Studio Album/10 - The Grand Vizier's Garden Party - Entrance.mp3
Aug 13 09:10 : update: added Pink Floyd  [1967-2014]/1969 - Ummagumma/Live Album/04 - A Saucerful of Secrets.mp3
Aug 13 09:10 : update: added Pink Floyd  [1967-2014]/1969 - Ummagumma/Live Album/02 - Careful With That Axe, Eugene.mp3
Aug 13 09:10 : update: added Pink Floyd  [1967-2014]/1969 - Ummagumma/Live Album/03 - Set the Controls for the Heart of the Sun.mp3
Aug 13 09:10 : update: added Pink Floyd  [1967-2014]/1969 - Ummagumma/Live Album/01 - Astronomy Domine.mp3
Aug 13 09:10 : update: added Pink Floyd  [1967-2014]/1979 - The Wall/2 - 01 - Hey You.mp3
Aug 13 09:10 : update: added Pink Floyd  [1967-2014]/1979 - The Wall/1 - 01 - In The Flesh.mp3
Aug 13 09:10 : update: added Pink Floyd  [1967-2014]/1979 - The Wall/1 - 03 - Another Brick in the Wall, Pt. 1.mp3
Aug 13 09:10 : update: added Pink Floyd  [1967-2014]/1979 - The Wall/1 - 04 - The Happiest Days Of Our Lives.mp3
Aug 13 09:10 : update: added Pink Floyd  [1967-2014]/1979 - The Wall/1 - 05 - Another Brick in the Wall, Pt. 2.mp3
Aug 13 09:10 : update: added Pink Floyd  [1967-2014]/1979 - The Wall/2 - 12 - The Trial.mp3
Aug 13 09:10 : update: added Pink Floyd  [1967-2014]/1979 - The Wall/2 - 13 - Outside The Wall.mp3
Aug 13 09:10 : update: added Pink Floyd  [1967-2014]/1979 - The Wall/2 - 03 - Nobody Home.mp3
Aug 13 09:10 : update: added Pink Floyd  [1967-2014]/1979 - The Wall/2 - 02 - Is There Anybody Out There.mp3
Aug 13 09:10 : update: added Pink Floyd  [1967-2014]/1979 - The Wall/2 - 04 - Vera.mp3
Aug 13 09:10 : update: added Pink Floyd  [1967-2014]/1979 - The Wall/1 - 09 - Young Lust.mp3
Aug 13 09:10 : update: added Pink Floyd  [1967-2014]/1979 - The Wall/1 - 10 - One Of My Turns.mp3
Aug 13 09:10 : update: added Pink Floyd  [1967-2014]/1979 - The Wall/1 - 11 - Don't Leave Me Now.mp3
Aug 13 09:10 : update: added Pink Floyd  [1967-2014]/1979 - The Wall/1 - 12 - Another Brick in the Wall, Pt. 3.mp3
Aug 13 09:10 : update: added Pink Floyd  [1967-2014]/1979 - The Wall/1 - 13 - Goodbye Cruel World.mp3
Aug 13 09:10 : update: added Pink Floyd  [1967-2014]/1979 - The Wall/2 - 06 - Comfortably Numb.mp3
Aug 13 09:10 : update: added Pink Floyd  [1967-2014]/1979 - The Wall/2 - 05 - Bring The Boys Back Home.mp3
Aug 13 09:10 : update: added Pink Floyd  [1967-2014]/1979 - The Wall/2 - 09 - Run Like Hell.mp3
Aug 13 09:10 : update: added Pink Floyd  [1967-2014]/1979 - The Wall/1 - 02 - The Thin Ice.mp3
Aug 13 09:10 : update: added Pink Floyd  [1967-2014]/1979 - The Wall/2 - 10 - Waiting For The Worms.mp3
Aug 13 09:10 : update: added Pink Floyd  [1967-2014]/1979 - The Wall/2 - 07 - The Show Must Go On.mp3
Aug 13 09:10 : update: added Pink Floyd  [1967-2014]/1979 - The Wall/1 - 06 - Mother.mp3
Aug 13 09:10 : update: added Pink Floyd  [1967-2014]/1979 - The Wall/1 - 07 - Goodbye Blue Sky.mp3
Aug 13 09:10 : update: added Pink Floyd  [1967-2014]/1979 - The Wall/1 - 08 - Empty Spaces.mp3
Aug 13 09:10 : update: added Pink Floyd  [1967-2014]/1979 - The Wall/2 - 08 - In The Flesh.mp3
Aug 13 09:10 : update: added Pink Floyd  [1967-2014]/1979 - The Wall/2 - 11 - Stop.mp3
Aug 13 09:10 : update: added Pink Floyd  [1967-2014]/2000 - Is There Anybody Out There, The Wall Live 1980-81/1 - 07 - Mother.mp3
Aug 13 09:10 : update: added Pink Floyd  [1967-2014]/2000 - Is There Anybody Out There, The Wall Live 1980-81/1 - 08 - Goodbye Blue Sky.mp3
Aug 13 09:10 : update: added Pink Floyd  [1967-2014]/2000 - Is There Anybody Out There, The Wall Live 1980-81/2 - 02 - Is There Anybody Out There.mp3
Aug 13 09:10 : update: added Pink Floyd  [1967-2014]/2000 - Is There Anybody Out There, The Wall Live 1980-81/2 - 03 - Nobody Home.mp3
Aug 13 09:10 : update: added Pink Floyd  [1967-2014]/2000 - Is There Anybody Out There, The Wall Live 1980-81/2 - 13 - The Trial.mp3
Aug 13 09:10 : update: added Pink Floyd  [1967-2014]/2000 - Is There Anybody Out There, The Wall Live 1980-81/1 - 15 - The Last Few Bricks.mp3
Aug 13 09:10 : update: added Pink Floyd  [1967-2014]/2000 - Is There Anybody Out There, The Wall Live 1980-81/1 - 16 - Goodbye Cruel World.mp3
Aug 13 09:10 : update: added Pink Floyd  [1967-2014]/2000 - Is There Anybody Out There, The Wall Live 1980-81/1 - 04 - Another Brick In The Wall (Part 1).mp3
Aug 13 09:10 : update: added Pink Floyd  [1967-2014]/2000 - Is There Anybody Out There, The Wall Live 1980-81/2 - 01 - Hey You.mp3
Aug 13 09:10 : update: added Pink Floyd  [1967-2014]/2000 - Is There Anybody Out There, The Wall Live 1980-81/1 - 05 - The Happiest Days Of Our Lives.mp3
Aug 13 09:10 : update: added Pink Floyd  [1967-2014]/2000 - Is There Anybody Out There, The Wall Live 1980-81/2 - 06 - Comfortably Numb.mp3
Aug 13 09:10 : update: added Pink Floyd  [1967-2014]/2000 - Is There Anybody Out There, The Wall Live 1980-81/2 - 10 - Run Like Hell.mp3
Aug 13 09:10 : update: added Pink Floyd  [1967-2014]/2000 - Is There Anybody Out There, The Wall Live 1980-81/2 - 07 - The Show Must Go On.mp3
Aug 13 09:10 : update: added Pink Floyd  [1967-2014]/2000 - Is There Anybody Out There, The Wall Live 1980-81/1 - 01 - Master Of Ceremonies (Part 1).mp3
Aug 13 09:10 : update: added Pink Floyd  [1967-2014]/2000 - Is There Anybody Out There, The Wall Live 1980-81/1 - 02 - In The Flesh.mp3
Aug 13 09:10 : update: added Pink Floyd  [1967-2014]/2000 - Is There Anybody Out There, The Wall Live 1980-81/2 - 11 - Waiting For The Worms.mp3
Aug 13 09:10 : update: added Pink Floyd  [1967-2014]/2000 - Is There Anybody Out There, The Wall Live 1980-81/2 - 09 - In The Flesh.mp3
Aug 13 09:10 : update: added Pink Floyd  [1967-2014]/2000 - Is There Anybody Out There, The Wall Live 1980-81/1 - 11 - Young Lust.mp3
Aug 13 09:10 : update: added Pink Floyd  [1967-2014]/2000 - Is There Anybody Out There, The Wall Live 1980-81/1 - 12 - One Of My Turns.mp3
Aug 13 09:10 : update: added Pink Floyd  [1967-2014]/2000 - Is There Anybody Out There, The Wall Live 1980-81/1 - 14 - Another Brick In The Wall (Part 3).mp3
Aug 13 09:10 : update: added Pink Floyd  [1967-2014]/2000 - Is There Anybody Out There, The Wall Live 1980-81/2 - 12 - Stop.mp3
Aug 13 09:10 : update: added Pink Floyd  [1967-2014]/2000 - Is There Anybody Out There, The Wall Live 1980-81/2 - 14 - Outside The Wall.mp3
Aug 13 09:10 : update: added Pink Floyd  [1967-2014]/2000 - Is There Anybody Out There, The Wall Live 1980-81/1 - 03 - The Thin Ice.mp3
Aug 13 09:10 : update: added Pink Floyd  [1967-2014]/2000 - Is There Anybody Out There, The Wall Live 1980-81/1 - 10 - What Shall We Do Now.mp3
Aug 13 09:10 : update: added Pink Floyd  [1967-2014]/2000 - Is There Anybody Out There, The Wall Live 1980-81/1 - 09 - Empty Spaces.mp3
Aug 13 09:10 : update: added Pink Floyd  [1967-2014]/2000 - Is There Anybody Out There, The Wall Live 1980-81/1 - 06 - Another Brick In The Wall (Part 2).mp3
Aug 13 09:10 : update: added Pink Floyd  [1967-2014]/2000 - Is There Anybody Out There, The Wall Live 1980-81/2 - 08 - Master Of Ceremonies (Part 2).mp3
Aug 13 09:10 : update: added Pink Floyd  [1967-2014]/2000 - Is There Anybody Out There, The Wall Live 1980-81/1 - 13 - Don't Leave Me Now.mp3
Aug 13 09:10 : update: added Pink Floyd  [1967-2014]/2000 - Is There Anybody Out There, The Wall Live 1980-81/2 - 05 - Bring The Boys Back Home.mp3
Aug 13 09:10 : update: added Pink Floyd  [1967-2014]/2000 - Is There Anybody Out There, The Wall Live 1980-81/2 - 04 - Vera.mp3
Aug 13 09:10 : update: added Pink Floyd  [1967-2014]/2001 - Echoes, The Best Of Pink Floyd/2 - 07 - Us and Them.mp3
Aug 13 09:10 : update: added Pink Floyd  [1967-2014]/2001 - Echoes, The Best Of Pink Floyd/2 - 08 - Learning to Fly.mp3
Aug 13 09:10 : update: added Pink Floyd  [1967-2014]/2001 - Echoes, The Best Of Pink Floyd/1 - 12 - Sheep.mp3
Aug 13 09:10 : update: added Pink Floyd  [1967-2014]/2001 - Echoes, The Best Of Pink Floyd/2 - 12 - High Hopes.mp3
Aug 13 09:10 : update: added Pink Floyd  [1967-2014]/2001 - Echoes, The Best Of Pink Floyd/2 - 13 - Bike.mp3
Aug 13 09:10 : update: added Pink Floyd  [1967-2014]/2001 - Echoes, The Best Of Pink Floyd/1 - 05 - Echoes.mp3
Aug 13 09:10 : update: added Pink Floyd  [1967-2014]/2001 - Echoes, The Best Of Pink Floyd/1 - 06 - Hey You.mp3
Aug 13 09:10 : update: added Pink Floyd  [1967-2014]/2001 - Echoes, The Best Of Pink Floyd/1 - 08 - The Great Gig In The Sky.mp3
Aug 13 09:10 : update: added Pink Floyd  [1967-2014]/2001 - Echoes, The Best Of Pink Floyd/1 - 04 - Another Brick In The Wall (Part 2).mp3
Aug 13 09:10 : update: added Pink Floyd  [1967-2014]/2001 - Echoes, The Best Of Pink Floyd/1 - 13 - Sorrow.mp3
Aug 13 09:10 : update: added Pink Floyd  [1967-2014]/2001 - Echoes, The Best Of Pink Floyd/1 - 07 - Marooned.mp3
Aug 13 09:10 : update: added Pink Floyd  [1967-2014]/2001 - Echoes, The Best Of Pink Floyd/2 - 01 - Shine on You Crazy Diamond (Parts 1-7).mp3
Aug 13 09:10 : update: added Pink Floyd  [1967-2014]/2001 - Echoes, The Best Of Pink Floyd/1 - 02 - See Emily Play.mp3
Aug 13 09:10 : update: added Pink Floyd  [1967-2014]/2001 - Echoes, The Best Of Pink Floyd/2 - 02 - Time.mp3
Aug 13 09:10 : update: added Pink Floyd  [1967-2014]/2001 - Echoes, The Best Of Pink Floyd/2 - 03 - The Fletcher Memorial Home.mp3
Aug 13 09:10 : update: added Pink Floyd  [1967-2014]/2001 - Echoes, The Best Of Pink Floyd/2 - 04 - Comfortably Numb.mp3
Aug 13 09:10 : update: added Pink Floyd  [1967-2014]/2001 - Echoes, The Best Of Pink Floyd/1 - 10 - Money.mp3
Aug 13 09:10 : update: added Pink Floyd  [1967-2014]/2001 - Echoes, The Best Of Pink Floyd/1 - 11 - Keep Talking.mp3
Aug 13 09:10 : update: added Pink Floyd  [1967-2014]/2001 - Echoes, The Best Of Pink Floyd/2 - 05 - When the Tigers Broke Free.mp3
Aug 13 09:10 : update: added Pink Floyd  [1967-2014]/2001 - Echoes, The Best Of Pink Floyd/1 - 01 - Astronomy Domine.mp3
Aug 13 09:10 : update: added Pink Floyd  [1967-2014]/2001 - Echoes, The Best Of Pink Floyd/2 - 06 - One of These Days.mp3
Aug 13 09:10 : update: added Pink Floyd  [1967-2014]/2001 - Echoes, The Best Of Pink Floyd/2 - 10 - Wish You Were Here.mp3
Aug 13 09:10 : update: added Pink Floyd  [1967-2014]/2001 - Echoes, The Best Of Pink Floyd/1 - 03 - The Happiest Days Of Our Lives.mp3
Aug 13 09:10 : update: added Pink Floyd  [1967-2014]/2001 - Echoes, The Best Of Pink Floyd/2 - 11 - Jugband Blues.mp3
Aug 13 09:10 : update: added Pink Floyd  [1967-2014]/2001 - Echoes, The Best Of Pink Floyd/1 - 09 - Set The Controls For The Heart Of The Sun.mp3
Aug 13 09:10 : update: added Pink Floyd  [1967-2014]/2001 - Echoes, The Best Of Pink Floyd/2 - 09 - Arnold Layne.mp3
Aug 13 09:10 : update: added Pink Floyd  [1967-2014]/1975 - Wish You Are Here/05 - Shine on You Crazy Diamond (Part VI-IX).mp3
Aug 13 09:10 : update: added Pink Floyd  [1967-2014]/1975 - Wish You Are Here/01 - Shine on You Crazy Diamond (Part I-V).mp3
Aug 13 09:10 : update: added Pink Floyd  [1967-2014]/1975 - Wish You Are Here/02 - Welcome to the Machine.mp3
Aug 13 09:10 : update: added Pink Floyd  [1967-2014]/1975 - Wish You Are Here/04 - Wish You Were Here.mp3
Aug 13 09:10 : update: added Pink Floyd  [1967-2014]/1975 - Wish You Are Here/03 - Have a Cigar.mp3
Aug 13 09:10 : update: added Pink Floyd  [1967-2014]/2003 - Dark Side Of The Moon, 30th Anniversary/10 - Eclipse.mp3
Aug 13 09:10 : update: added Pink Floyd  [1967-2014]/2003 - Dark Side Of The Moon, 30th Anniversary/03 - On the Run.mp3
Aug 13 09:10 : update: added Pink Floyd  [1967-2014]/2003 - Dark Side Of The Moon, 30th Anniversary/07 - Us and Them.mp3
Aug 13 09:10 : update: added Pink Floyd  [1967-2014]/2003 - Dark Side Of The Moon, 30th Anniversary/04 - Time.mp3
Aug 13 09:10 : update: added Pink Floyd  [1967-2014]/2003 - Dark Side Of The Moon, 30th Anniversary/05 - The Great Gig in the Sky.mp3
Aug 13 09:10 : update: added Pink Floyd  [1967-2014]/2003 - Dark Side Of The Moon, 30th Anniversary/06 - Money.mp3
Aug 13 09:10 : update: added Pink Floyd  [1967-2014]/2003 - Dark Side Of The Moon, 30th Anniversary/02 - Breathe.mp3
Aug 13 09:10 : update: added Pink Floyd  [1967-2014]/2003 - Dark Side Of The Moon, 30th Anniversary/08 - Any Colour You Like.mp3
Aug 13 09:10 : update: added Pink Floyd  [1967-2014]/2003 - Dark Side Of The Moon, 30th Anniversary/09 - Brain Damage.mp3
Aug 13 09:10 : update: added Pink Floyd  [1967-2014]/2003 - Dark Side Of The Moon, 30th Anniversary/01 - Speak to Me.mp3
Aug 13 09:10 : update: added Pink Floyd  [1967-2014]/1975 - Shine On You Crazy Diamond/04 - (Part IV).mp3
Aug 13 09:10 : update: added Pink Floyd  [1967-2014]/1975 - Shine On You Crazy Diamond/05 - (Part V).mp3
Aug 13 09:10 : update: added Pink Floyd  [1967-2014]/1975 - Shine On You Crazy Diamond/01 - (Part I).mp3
Aug 13 09:10 : update: added Pink Floyd  [1967-2014]/1975 - Shine On You Crazy Diamond/02 - (Part II).mp3
Aug 13 09:10 : update: added Pink Floyd  [1967-2014]/1975 - Shine On You Crazy Diamond/09 - (Part IX).mp3
Aug 13 09:10 : update: added Pink Floyd  [1967-2014]/1975 - Shine On You Crazy Diamond/06 - (Part VI).mp3
Aug 13 09:10 : update: added Pink Floyd  [1967-2014]/1975 - Shine On You Crazy Diamond/08 - (Part VIII).mp3
Aug 13 09:10 : update: added Pink Floyd  [1967-2014]/1975 - Shine On You Crazy Diamond/07 - (Part VII).mp3
Aug 13 09:10 : update: added Pink Floyd  [1967-2014]/1975 - Shine On You Crazy Diamond/03 - (Part III).mp3
Aug 13 09:10 : update: added Pink Floyd  [1967-2014]/1971 - Meddle/02 - A Pillow of Winds.mp3
Aug 13 09:10 : update: added Pink Floyd  [1967-2014]/1971 - Meddle/06 - Echoes.mp3
Aug 13 09:10 : update: added Pink Floyd  [1967-2014]/1971 - Meddle/03 - Fearless.mp3
Aug 13 09:10 : update: added Pink Floyd  [1967-2014]/1971 - Meddle/04 - San Tropez.mp3
Aug 13 09:10 : update: added Pink Floyd  [1967-2014]/1971 - Meddle/01 - One of These Days.mp3
Aug 13 09:10 : update: added Pink Floyd  [1967-2014]/1971 - Meddle/05 - Seamus.mp3
Aug 13 09:10 : update: added Pink Floyd  [1967-2014]/1967 - The Piper At The Gates Of Dawn/10 - Scarecrow.mp3
Aug 13 09:10 : update: added Pink Floyd  [1967-2014]/1967 - The Piper At The Gates Of Dawn/11 - Bike.mp3
Aug 13 09:10 : update: added Pink Floyd  [1967-2014]/1967 - The Piper At The Gates Of Dawn/06 - Take Up Thy Stethoscope and Walk.mp3
Aug 13 09:10 : update: added Pink Floyd  [1967-2014]/1967 - The Piper At The Gates Of Dawn/07 - Interstellar Overdrive.mp3
Aug 13 09:10 : update: added Pink Floyd  [1967-2014]/1967 - The Piper At The Gates Of Dawn/08 - The Gnome.mp3
Aug 13 09:10 : update: added Pink Floyd  [1967-2014]/1967 - The Piper At The Gates Of Dawn/09 - Chapter 24.mp3
Aug 13 09:10 : update: added Pink Floyd  [1967-2014]/1967 - The Piper At The Gates Of Dawn/02 - Lucifer Sam.mp3
Aug 13 09:10 : update: added Pink Floyd  [1967-2014]/1967 - The Piper At The Gates Of Dawn/03 - Matilda Mother.mp3
Aug 13 09:10 : update: added Pink Floyd  [1967-2014]/1967 - The Piper At The Gates Of Dawn/01 - Astronomy Dominé.mp3
Aug 13 09:10 : update: added Pink Floyd  [1967-2014]/1967 - The Piper At The Gates Of Dawn/04 - Flaming.mp3
Aug 13 09:10 : update: added Pink Floyd  [1967-2014]/1967 - The Piper At The Gates Of Dawn/05 - Pow R. Toc H..mp3
Aug 13 09:10 : update: added Pink Floyd  [1967-2014]/1981 - Live At Pompeii/01 - Intro.mp3
Aug 13 09:10 : update: added Pink Floyd  [1967-2014]/1981 - Live At Pompeii/06 - Interview, Part II.mp3
Aug 13 09:10 : update: added Pink Floyd  [1967-2014]/1981 - Live At Pompeii/07 - One of These Days.mp3
Aug 13 09:10 : update: added Pink Floyd  [1967-2014]/1981 - Live At Pompeii/03 - Interview, Part I.mp3
Aug 13 09:10 : update: added Pink Floyd  [1967-2014]/1981 - Live At Pompeii/11 - Echoes, Part II.mp3
Aug 13 09:10 : update: added Pink Floyd  [1967-2014]/1981 - Live At Pompeii/02 - Echoes, Part I.mp3
Aug 13 09:10 : update: added Pink Floyd  [1967-2014]/1981 - Live At Pompeii/04 - Careful With That Axe, Eugene.mp3
Aug 13 09:10 : update: added Pink Floyd  [1967-2014]/1981 - Live At Pompeii/10 - Set the Controls for the Heart of the Sun.mp3
Aug 13 09:10 : update: added Pink Floyd  [1967-2014]/1981 - Live At Pompeii/08 - Madamoiselle Knobs.mp3
Aug 13 09:10 : update: added Pink Floyd  [1967-2014]/1981 - Live At Pompeii/09 - Interview, Part III.mp3
Aug 13 09:10 : update: added Pink Floyd  [1967-2014]/1981 - Live At Pompeii/05 - A Saucerful of Secrets.mp3
Aug 13 09:10 : update: added Pink Floyd  [1967-2014]/1970 - Atom Heart Mother/Atom Heart Mother/02 - If.mp3
Aug 13 09:10 : update: added Pink Floyd  [1967-2014]/1970 - Atom Heart Mother/Atom Heart Mother/03 - Summer '68.mp3
Aug 13 09:10 : update: added Pink Floyd  [1967-2014]/1970 - Atom Heart Mother/Atom Heart Mother/04 - Fat Old Sun.mp3
Aug 13 09:10 : update: added Pink Floyd  [1967-2014]/1970 - Atom Heart Mother/Atom Heart Mother/01 - Atom Heart Mother.mp3
Aug 13 09:10 : update: added Pink Floyd  [1967-2014]/1970 - Atom Heart Mother/Atom Heart Mother/05 - Alan's Psychedelic Breakfast.mp3
Aug 13 09:10 : update: added Pink Floyd  [1967-2014]/1970 - Atom Heart Mother/Atom Heart Mother Suite/01 - Father's Shout.mp3
Aug 13 09:10 : update: added Pink Floyd  [1967-2014]/1970 - Atom Heart Mother/Atom Heart Mother Suite/03 - Mother Fore.mp3
Aug 13 09:10 : update: added Pink Floyd  [1967-2014]/1970 - Atom Heart Mother/Atom Heart Mother Suite/04 - Funky Dung.mp3
Aug 13 09:10 : update: added Pink Floyd  [1967-2014]/1970 - Atom Heart Mother/Atom Heart Mother Suite/06 - Remergence.mp3
Aug 13 09:10 : update: added Pink Floyd  [1967-2014]/1970 - Atom Heart Mother/Atom Heart Mother Suite/02 - Breast Milky.mp3
Aug 13 09:10 : update: added Pink Floyd  [1967-2014]/1970 - Atom Heart Mother/Atom Heart Mother Suite/05 - Mind Your Throats, Please.mp3
Aug 13 09:10 : update: added Pink Floyd  [1967-2014]/1972 - Obscured By Clouds/09 - Stay.mp3
Aug 13 09:10 : update: added Pink Floyd  [1967-2014]/1972 - Obscured By Clouds/10 - Absolutely Curtains.mp3
Aug 13 09:10 : update: added Pink Floyd  [1967-2014]/1972 - Obscured By Clouds/08 - Free Four.mp3
Aug 13 09:10 : update: added Pink Floyd  [1967-2014]/1972 - Obscured By Clouds/02 - When You're In.mp3
Aug 13 09:11 : update: added Pink Floyd  [1967-2014]/1972 - Obscured By Clouds/03 - Burning Bridges.mp3
Aug 13 09:11 : update: added Pink Floyd  [1967-2014]/1972 - Obscured By Clouds/05 - Wot's... Uh The Deal.mp3
Aug 13 09:11 : update: added Pink Floyd  [1967-2014]/1972 - Obscured By Clouds/06 - Mudmen.mp3
Aug 13 09:11 : update: added Pink Floyd  [1967-2014]/1972 - Obscured By Clouds/07 - Childhood's End.mp3
Aug 13 09:11 : update: added Pink Floyd  [1967-2014]/1972 - Obscured By Clouds/01 - Obscured by Clouds.mp3
Aug 13 09:11 : update: added Pink Floyd  [1967-2014]/1972 - Obscured By Clouds/04 - The Gold It's In The.mp3
Aug 13 09:11 : update: added Pink Floyd  [1967-2014]/1971 - Relics/03 - See Emily Play.mp3
Aug 13 09:11 : update: added Pink Floyd  [1967-2014]/1971 - Relics/04 - Remember a Day.mp3
Aug 13 09:11 : update: added Pink Floyd  [1967-2014]/1971 - Relics/11 - Bike.mp3
Aug 13 09:11 : update: added Pink Floyd  [1967-2014]/1971 - Relics/09 - The Nile Song.mp3
Aug 13 09:11 : update: added Pink Floyd  [1967-2014]/1971 - Relics/10 - Biding My Time.mp3
Aug 13 09:11 : update: added Pink Floyd  [1967-2014]/1971 - Relics/08 - Cirrus Minor.mp3
Aug 13 09:11 : update: added Pink Floyd  [1967-2014]/1971 - Relics/01 - Arnold Layne.mp3
Aug 13 09:11 : update: added Pink Floyd  [1967-2014]/1971 - Relics/02 - Interstellar Overdrive.mp3
Aug 13 09:11 : update: added Pink Floyd  [1967-2014]/1971 - Relics/05 - Paintbox.mp3
Aug 13 09:11 : update: added Pink Floyd  [1967-2014]/1971 - Relics/07 - Careful with That Axe, Eugene.mp3
Aug 13 09:11 : update: added Pink Floyd  [1967-2014]/1971 - Relics/06 - Julia Dream.mp3
Aug 13 09:11 : update: added Pink Floyd  [1967-2014]/1973 - Dark Side Of The Moon/05 - Money.mp3
Aug 13 09:11 : update: added Pink Floyd  [1967-2014]/1973 - Dark Side Of The Moon/02 - On The Run.mp3
Aug 13 09:11 : update: added Pink Floyd  [1967-2014]/1973 - Dark Side Of The Moon/01 - Speak To Me - Breathe.mp3
Aug 13 09:11 : update: added Pink Floyd  [1967-2014]/1973 - Dark Side Of The Moon/07 - Any Colour You Like.mp3
Aug 13 09:11 : update: added Pink Floyd  [1967-2014]/1973 - Dark Side Of The Moon/08 - Brain Damage.mp3
Aug 13 09:11 : update: added Pink Floyd  [1967-2014]/1973 - Dark Side Of The Moon/03 - Time.mp3
Aug 13 09:11 : update: added Pink Floyd  [1967-2014]/1973 - Dark Side Of The Moon/04 - The Great Gig In The Sky.mp3
Aug 13 09:11 : update: added Pink Floyd  [1967-2014]/1973 - Dark Side Of The Moon/09 - Eclipse.mp3
Aug 13 09:11 : update: added Pink Floyd  [1967-2014]/1973 - Dark Side Of The Moon/06 - Us And Them.mp3
Aug 13 09:11 : update: added Pink Floyd  [1967-2014]/1983 - The Final Cut/01 - The Post War Dream.mp3
Aug 13 09:11 : update: added Pink Floyd  [1967-2014]/1983 - The Final Cut/06 - The Gunner's Dream.mp3
Aug 13 09:11 : update: added Pink Floyd  [1967-2014]/1983 - The Final Cut/05 - The Hero's Return.mp3
Aug 13 09:11 : update: added Pink Floyd  [1967-2014]/1983 - The Final Cut/13 - Two Suns In The Sunset.mp3
Aug 13 09:11 : update: added Pink Floyd  [1967-2014]/1983 - The Final Cut/12 - Not Now John.mp3
Aug 13 09:11 : update: added Pink Floyd  [1967-2014]/1983 - The Final Cut/07 - Paranoid Eyes.mp3
Aug 13 09:11 : update: added Pink Floyd  [1967-2014]/1983 - The Final Cut/08 - Get Your Filthy Hands Off My Desert.mp3
Aug 13 09:11 : update: added Pink Floyd  [1967-2014]/1983 - The Final Cut/09 - The Fletcher Memorial Home.mp3
Aug 13 09:11 : update: added Pink Floyd  [1967-2014]/1983 - The Final Cut/02 - Your Possible Pasts.mp3
Aug 13 09:11 : update: added Pink Floyd  [1967-2014]/1983 - The Final Cut/03 - One Of The Few.mp3
Aug 13 09:11 : update: added Pink Floyd  [1967-2014]/1983 - The Final Cut/11 - The Final Cut.mp3
Aug 13 09:11 : update: added Pink Floyd  [1967-2014]/1983 - The Final Cut/04 - When The Tigers Broke Free [Bonus Track].mp3
Aug 13 09:11 : update: added Pink Floyd  [1967-2014]/1983 - The Final Cut/10 - Southampton Dock.mp3
Aug 13 09:11 : update: added Pink Floyd  [1967-2014]/1992 - The Division Bell/06 - Wearing The Inside Out.mp3
Aug 13 09:11 : update: added Pink Floyd  [1967-2014]/1992 - The Division Bell/10 - Lost For Words.mp3
Aug 13 09:11 : update: added Pink Floyd  [1967-2014]/1992 - The Division Bell/08 - Coming Back To Life.mp3
Aug 13 09:11 : update: added Pink Floyd  [1967-2014]/1992 - The Division Bell/03 - Poles Apart.mp3
Aug 13 09:11 : update: added Pink Floyd  [1967-2014]/1992 - The Division Bell/04 - Marooned.mp3
Aug 13 09:11 : update: added Pink Floyd  [1967-2014]/1992 - The Division Bell/09 - Keep Talking.mp3
Aug 13 09:11 : update: added Pink Floyd  [1967-2014]/1992 - The Division Bell/07 - Take It Back.mp3
Aug 13 09:11 : update: added Pink Floyd  [1967-2014]/1992 - The Division Bell/05 - A Great Day For Freedom.mp3
Aug 13 09:11 : update: added Pink Floyd  [1967-2014]/1992 - The Division Bell/01 - Cluster One.mp3
Aug 13 09:11 : update: added Pink Floyd  [1967-2014]/1992 - The Division Bell/02 - What Do You Want From Me.mp3
Aug 13 09:11 : update: added Pink Floyd  [1967-2014]/1992 - The Division Bell/11 - High Hopes.mp3
Aug 13 09:11 : update: added Pink Floyd  [1967-2014]/1977 - Animals/01 - Pigs on the Wing (Part One).mp3
Aug 13 09:11 : update: added Pink Floyd  [1967-2014]/1977 - Animals/02 - Dogs.mp3
Aug 13 09:11 : update: added Pink Floyd  [1967-2014]/1977 - Animals/04 - Sheep.mp3
Aug 13 09:11 : update: added Pink Floyd  [1967-2014]/1977 - Animals/05 - Pigs on the Wing (Part Two).mp3
Aug 13 09:11 : update: added Pink Floyd  [1967-2014]/1977 - Animals/03 - Pigs (Three Different Ones).mp3
Aug 13 09:11 : update: added Pink Floyd  [1967-2014]/1988 - Delicate Sound Of Thunder/2 - 08 - Run Like Hell.mp3
Aug 13 09:11 : update: added Pink Floyd  [1967-2014]/1988 - Delicate Sound Of Thunder/1 - 05 - Sorrow.mp3
Aug 13 09:11 : update: added Pink Floyd  [1967-2014]/1988 - Delicate Sound Of Thunder/1 - 06 - The Dogs Of War.mp3
Aug 13 09:11 : update: added Pink Floyd  [1967-2014]/1988 - Delicate Sound Of Thunder/1 - 07 - On The Turning Away.mp3
Aug 13 09:11 : update: added Pink Floyd  [1967-2014]/1988 - Delicate Sound Of Thunder/2 - 03 - Wish You Were Here.mp3
Aug 13 09:11 : update: added Pink Floyd  [1967-2014]/1988 - Delicate Sound Of Thunder/2 - 04 - Us & Them.mp3
Aug 13 09:11 : update: added Pink Floyd  [1967-2014]/1988 - Delicate Sound Of Thunder/2 - 07 - Comfortably Numb.mp3
Aug 13 09:11 : update: added Pink Floyd  [1967-2014]/1988 - Delicate Sound Of Thunder/2 - 01 - One Of These Days.mp3
Aug 13 09:11 : update: added Pink Floyd  [1967-2014]/1988 - Delicate Sound Of Thunder/2 - 02 - Time.mp3
Aug 13 09:11 : update: added Pink Floyd  [1967-2014]/1988 - Delicate Sound Of Thunder/1 - 01 - Shine On You Crazy Diamond.mp3
Aug 13 09:11 : update: added Pink Floyd  [1967-2014]/1988 - Delicate Sound Of Thunder/2 - 05 - Money.mp3
Aug 13 09:11 : update: added Pink Floyd  [1967-2014]/1988 - Delicate Sound Of Thunder/2 - 06 - Another Brick In The Wall, Part II.mp3
Aug 13 09:11 : update: added Pink Floyd  [1967-2014]/1988 - Delicate Sound Of Thunder/1 - 03 - Yet Another Movie.mp3
Aug 13 09:11 : update: added Pink Floyd  [1967-2014]/1988 - Delicate Sound Of Thunder/1 - 04 - Round And Around.mp3
Aug 13 09:11 : update: added Pink Floyd  [1967-2014]/1988 - Delicate Sound Of Thunder/1 - 02 - Learning To Fly.mp3
Aug 13 09:13 : player: played "Pink Floyd  [1967-2014]/1967 - The Piper At The Gates Of Dawn/01 - Astronomy Dominé.mp3"
Aug 13 10:02 : player: played "Pink Floyd  [1967-2014]/1967 - The Piper At The Gates Of Dawn/01 - Astronomy Dominé.mp3"
Aug 13 10:05 : player: played "Pink Floyd  [1967-2014]/1967 - The Piper At The Gates Of Dawn/02 - Lucifer Sam.mp3"
Aug 13 10:08 : player: played "Pink Floyd  [1967-2014]/1967 - The Piper At The Gates Of Dawn/03 - Matilda Mother.mp3"
Aug 13 10:08 : player: played "Pink Floyd  [1967-2014]/1967 - The Piper At The Gates Of Dawn/03 - Matilda Mother.mp3"
Aug 13 10:09 : player: played "Pink Floyd  [1967-2014]/1967 - The Piper At The Gates Of Dawn/04 - Flaming.mp3"
Aug 13 10:16 : player: played "Pink Floyd  [1967-2014]/1967 - The Piper At The Gates Of Dawn/05 - Pow R. Toc H..mp3"
Aug 13 10:17 : player: played "Pink Floyd  [1967-2014]/1967 - The Piper At The Gates Of Dawn/03 - Matilda Mother.mp3"
Aug 13 12:31 : player: played "Pink Floyd  [1967-2014]/1967 - The Piper At The Gates Of Dawn/06 - Take Up Thy Stethoscope and Walk.mp3"
Aug 13 12:31 : zeroconf: No global port, disabling zeroconf
Aug 13 12:33 : player: played "Pink Floyd  [1967-2014]/1967 - The Piper At The Gates Of Dawn/06 - Take Up Thy Stethoscope and Walk.mp3"
Aug 13 12:33 : player: played "Pink Floyd  [1967-2014]/1967 - The Piper At The Gates Of Dawn/11 - Bike.mp3"
Aug 13 12:33 : zeroconf: No global port, disabling zeroconf
Aug 13 12:51 : player: played "Pink Floyd  [1967-2014]/1967 - The Piper At The Gates Of Dawn/11 - Bike.mp3"
Aug 13 12:51 : player: played "Pink Floyd  [1967-2014]/1967 - The Piper At The Gates Of Dawn/11 - Bike.mp3"
Aug 13 12:51 : zeroconf: No global port, disabling zeroconf
Aug 13 12:53 : player: played "Pink Floyd  [1967-2014]/1967 - The Piper At The Gates Of Dawn/11 - Bike.mp3"
Aug 13 12:53 : zeroconf: No global port, disabling zeroconf
